Loading internal null logger. Install Log::Log4perl for logging messages
Reading '/home/mactango/.cpan/Metadata'
  Database was generated on Sat, 08 Oct 2016 20:53:30 GMT
Running install for module 'Algorithm::Munkres'
Checksum for /home/mactango/.cpan/sources/authors/id/T/TP/TPEDERSE/Algorithm-Munkres-0.08.tar.gz ok
'YAML' not installed, will not store persistent state
Configuring T/TP/TPEDERSE/Algorithm-Munkres-0.08.tar.gz with Makefile.PL
Checking if your kit is complete...
Looks good
Generating a Unix-style Makefile
Writing Makefile for Algorithm::Munkres
Writing MYMETA.yml and MYMETA.json
  TPEDERSE/Algorithm-Munkres-0.08.tar.gz
  /usr/bin/perl Makefile.PL INSTALLDIRS=site -- OK
Running make for T/TP/TPEDERSE/Algorithm-Munkres-0.08.tar.gz
cp lib/Algorithm/Munkres.pm blib/lib/Algorithm/Munkres.pm
Manifying 1 pod document
  TPEDERSE/Algorithm-Munkres-0.08.tar.gz
  /usr/bin/make -- OK
Running make test
PERL_DL_NONLAZY=1 "/usr/bin/perl" "-MExtUtils::Command::MM" "-MTest::Harness" "-e" "undef *Test::Harness::Switches; test_harness(0, 'blib/lib', 'blib/arch')" t/*.t
t/DoubleInvoke.t .. ok
t/Fractions.t ..... ok
t/Horz_Matrix.t ... ok
t/Ill_Formed.t .... ok
t/LargeMatrix.t ... ok
t/Negative.t ...... ok
t/Normal.t ........ ok
t/Obvious.t ....... ok
t/Rect_Matrix1.t .. ok
t/Rect_Matrix2.t .. ok
t/Rect_Unit.t ..... ok
t/Unit.t .......... ok
t/Vert_Matrix.t ... ok
All tests successful.
Files=13, Tests=130,  0 wallclock secs ( 0.08 usr  0.01 sys +  0.31 cusr  0.03 csys =  0.43 CPU)
Result: PASS
  TPEDERSE/Algorithm-Munkres-0.08.tar.gz
  /usr/bin/make test -- OK
Running make install
Manifying 1 pod document
Installing /usr/local/share/perl/5.22.1/Algorithm/Munkres.pm
Installing /usr/local/man/man3/Algorithm::Munkres.3pm
Appending installation info to /usr/local/lib/x86_64-linux-gnu/perl/5.22.1/perllocal.pod
  TPEDERSE/Algorithm-Munkres-0.08.tar.gz
  /usr/bin/make install  -- OK
